<?xml version="1.0" encoding="UTF-8"?>
<testsuite name="com.mateocuello.alarmai.ui.alarm.AlarmViewModelTest" tests="13" skipped="0" failures="0" errors="0" timestamp="2026-06-23T20:01:14.861Z" hostname="INSPRION16" time="0.239">
  <properties/>
  <testcase name="testSttErrorRetryLogic" classname="com.mateocuello.alarmai.ui.alarm.AlarmViewModelTest" time="0.183"/>
  <testcase name="testRetryLogic_EmptyChat" classname="com.mateocuello.alarmai.ui.alarm.AlarmViewModelTest" time="0.003"/>
  <testcase name="testOnCleared" classname="com.mateocuello.alarmai.ui.alarm.AlarmViewModelTest" time="0.007"/>
  <testcase name="testForceClose" classname="com.mateocuello.alarmai.ui.alarm.AlarmViewModelTest" time="0.004"/>
  <testcase name="testNormalTransitionFlow" classname="com.mateocuello.alarmai.ui.alarm.AlarmViewModelTest" time="0.008"/>
  <testcase name="testNoSpeechTimeout" classname="com.mateocuello.alarmai.ui.alarm.AlarmViewModelTest" time="0.004"/>
  <testcase name="testDismissAndTalk_ThrowsException_TransitionsToError" classname="com.mateocuello.alarmai.ui.alarm.AlarmViewModelTest" time="0.004"/>
  <testcase name="testSpanishGoodbyeKeywords" classname="com.mateocuello.alarmai.ui.alarm.AlarmViewModelTest" time="0.004"/>
  <testcase name="testRetryLogic_HasUserMessage" classname="com.mateocuello.alarmai.ui.alarm.AlarmViewModelTest" time="0.004"/>
  <testcase name="testDismissAndTalk_UsesCachedBriefing" classname="com.mateocuello.alarmai.ui.alarm.AlarmViewModelTest" time="0.003"/>
  <testcase name="testSttErrorLimitReached" classname="com.mateocuello.alarmai.ui.alarm.AlarmViewModelTest" time="0.007"/>
  <testcase name="testDismissAndTalk_NoCache_FetchesDataAndStartsSession" classname="com.mateocuello.alarmai.ui.alarm.AlarmViewModelTest" time="0.004"/>
  <testcase name="testEnglishGoodbyeKeywords" classname="com.mateocuello.alarmai.ui.alarm.AlarmViewModelTest" time="0.003"/>
  <system-out><![CDATA[]]></system-out>
  <system-err><![CDATA[]]></system-err>
</testsuite>
