<?xml version="1.0" encoding="UTF-8"?>
<testsuite name="com.mateocuello.alarmai.data.repository.WorldCupRepositoryTest" tests="3" skipped="0" failures="0" errors="0" timestamp="2026-06-12T21:35:25.723Z" hostname="INSPRION16" time="0.028">
  <properties/>
  <testcase name="testParseMatches_noMatchesFound" classname="com.mateocuello.alarmai.data.repository.WorldCupRepositoryTest" time="0.012"/>
  <testcase name="testParseMatches_realFile" classname="com.mateocuello.alarmai.data.repository.WorldCupRepositoryTest" time="0.015"/>
  <testcase name="testParseMatches_matchesFound" classname="com.mateocuello.alarmai.data.repository.WorldCupRepositoryTest" time="0.001"/>
  <system-out><![CDATA[]]></system-out>
  <system-err><![CDATA[]]></system-err>
</testsuite>
