<?xml version="1.0" encoding="UTF-8"?>
<testsuite name="com.mateocuello.alarmai.data.repository.VoiceManagerTest" tests="14" skipped="0" failures="0" errors="0" timestamp="2026-06-24T00:48:19.569Z" hostname="INSPRION16" time="1.799">
  <properties/>
  <testcase name="testAudioFocusLoss_StopsSpeakingAndListening" classname="com.mateocuello.alarmai.data.repository.VoiceManagerTest" time="1.112"/>
  <testcase name="testStopListening" classname="com.mateocuello.alarmai.data.repository.VoiceManagerTest" time="0.06"/>
  <testcase name="testSpeakAndCallbackExecutionFlow" classname="com.mateocuello.alarmai.data.repository.VoiceManagerTest" time="0.067"/>
  <testcase name="testStartListeningCreationAndInteraction" classname="com.mateocuello.alarmai.data.repository.VoiceManagerTest" time="0.061"/>
  <testcase name="testTtsInitializationSuccess" classname="com.mateocuello.alarmai.data.repository.VoiceManagerTest" time="0.029"/>
  <testcase name="testSpeechRecognizerOnError" classname="com.mateocuello.alarmai.data.repository.VoiceManagerTest" time="0.079"/>
  <testcase name="testFallbackToStandardRecognizerOnOlderApis" classname="com.mateocuello.alarmai.data.repository.VoiceManagerTest" time="0.136"/>
  <testcase name="testShutdown" classname="com.mateocuello.alarmai.data.repository.VoiceManagerTest" time="0.026"/>
  <testcase name="testTtsInitializationFailure" classname="com.mateocuello.alarmai.data.repository.VoiceManagerTest" time="0.009"/>
  <testcase name="testOnDeviceRecognizerSelectedOnApi31PlusWhenAvailable" classname="com.mateocuello.alarmai.data.repository.VoiceManagerTest" time="0.031"/>
  <testcase name="testStartListeningCheckAvailability" classname="com.mateocuello.alarmai.data.repository.VoiceManagerTest" time="0.006"/>
  <testcase name="testFallbackToStandardRecognizerOnApi31PlusWhenOnDeviceUnavailable" classname="com.mateocuello.alarmai.data.repository.VoiceManagerTest" time="0.053"/>
  <testcase name="testSpeechRecognizerOnResults" classname="com.mateocuello.alarmai.data.repository.VoiceManagerTest" time="0.07"/>
  <testcase name="testStopSpeaking" classname="com.mateocuello.alarmai.data.repository.VoiceManagerTest" time="0.051"/>
  <system-out><![CDATA[]]></system-out>
  <system-err><![CDATA[]]></system-err>
</testsuite>
