<?xml version="1.0" encoding="UTF-8"?>
<testsuite name="com.mateocuello.alarmai.data.repository.NewsRepositoryTest" tests="3" skipped="0" failures="0" errors="0" timestamp="2026-06-24T00:48:19.287Z" hostname="INSPRION16" time="0.271">
  <properties/>
  <testcase name="testGetNews_HttpFailure_FallbackToMock" classname="com.mateocuello.alarmai.data.repository.NewsRepositoryTest" time="0.257"/>
  <testcase name="testSearchNewsByQuery_Success" classname="com.mateocuello.alarmai.data.repository.NewsRepositoryTest" time="0.007"/>
  <testcase name="testGetNews_Success" classname="com.mateocuello.alarmai.data.repository.NewsRepositoryTest" time="0.005"/>
  <system-out><![CDATA[]]></system-out>
  <system-err><![CDATA[]]></system-err>
</testsuite>
