<?xml version="1.0" encoding="UTF-8"?>
<testsuite name="com.mateocuello.alarmai.data.repository.NewsRepositoryTest" tests="3" skipped="0" failures="0" errors="0" timestamp="2026-06-23T20:01:13.683Z" hostname="INSPRION16" time="0.163">
  <properties/>
  <testcase name="testGetNews_HttpFailure_FallbackToMock" classname="com.mateocuello.alarmai.data.repository.NewsRepositoryTest" time="0.156"/>
  <testcase name="testSearchNewsByQuery_Success" classname="com.mateocuello.alarmai.data.repository.NewsRepositoryTest" time="0.004"/>
  <testcase name="testGetNews_Success" classname="com.mateocuello.alarmai.data.repository.NewsRepositoryTest" time="0.003"/>
  <system-out><![CDATA[]]></system-out>
  <system-err><![CDATA[]]></system-err>
</testsuite>
