<?xml version="1.0" encoding="UTF-8"?>
<testsuite name="com.mateocuello.alarmai.data.local.PreferencesManagerTest" tests="6" skipped="0" failures="0" errors="0" timestamp="2026-06-12T13:13:32.604Z" hostname="INSPRION16" time="1.122">
  <properties/>
  <testcase name="testSaveTonePreference" classname="com.mateocuello.alarmai.data.local.PreferencesManagerTest" time="1.107"/>
  <testcase name="testSaveVoiceName" classname="com.mateocuello.alarmai.data.local.PreferencesManagerTest" time="0.003"/>
  <testcase name="testSaveLanguage" classname="com.mateocuello.alarmai.data.local.PreferencesManagerTest" time="0.003"/>
  <testcase name="testDefaultVoiceName" classname="com.mateocuello.alarmai.data.local.PreferencesManagerTest" time="0.002"/>
  <testcase name="testDefaultLanguage" classname="com.mateocuello.alarmai.data.local.PreferencesManagerTest" time="0.003"/>
  <testcase name="testDefaultTonePreference" classname="com.mateocuello.alarmai.data.local.PreferencesManagerTest" time="0.002"/>
  <system-out><![CDATA[]]></system-out>
  <system-err><![CDATA[WARNING: A Java agent has been loaded dynamically (C:\Users\usuario\.gradle\caches\modules-2\files-2.1\net.bytebuddy\byte-buddy-agent\1.14.12\be4984cb6fd1ef1d11f218a648889dfda44b8a15\byte-buddy-agent-1.14.12.jar)
WARNING: If a serviceability tool is in use, please run with -XX:+EnableDynamicAgentLoading to hide this warning
WARNING: If a serviceability tool is not in use, please run with -Djdk.instrument.traceUsage for more information
WARNING: Dynamic loading of agents will be disallowed by default in a future release
]]></system-err>
</testsuite>
