<?xml version="1.0" encoding="UTF-8"?>
<testsuite name="com.mateocuello.alarmai.data.local.PreferencesManagerTest" tests="6" skipped="0" failures="0" errors="0" timestamp="2026-06-23T19:57:37.486Z" hostname="INSPRION16" time="0.061">
  <properties/>
  <testcase name="testSaveTonePreference" classname="com.mateocuello.alarmai.data.local.PreferencesManagerTest" time="0.051"/>
  <testcase name="testSaveVoiceName" classname="com.mateocuello.alarmai.data.local.PreferencesManagerTest" time="0.002"/>
  <testcase name="testSaveLanguage" classname="com.mateocuello.alarmai.data.local.PreferencesManagerTest" time="0.003"/>
  <testcase name="testDefaultVoiceName" classname="com.mateocuello.alarmai.data.local.PreferencesManagerTest" time="0.002"/>
  <testcase name="testDefaultLanguage" classname="com.mateocuello.alarmai.data.local.PreferencesManagerTest" time="0.002"/>
  <testcase name="testDefaultTonePreference" classname="com.mateocuello.alarmai.data.local.PreferencesManagerTest" time="0.001"/>
  <system-out><![CDATA[]]></system-out>
  <system-err><![CDATA[]]></system-err>
</testsuite>
