<?xml version="1.0" encoding="UTF-8"?>
<testsuite name="com.mateocuello.alarmai.receiver.AlarmSchedulerTest" tests="3" skipped="0" failures="0" errors="0" timestamp="2026-06-23T19:20:32.715Z" hostname="INSPRION16" time="0.063">
  <properties/>
  <testcase name="testSchedule_InactiveAlarm_Cancels" classname="com.mateocuello.alarmai.receiver.AlarmSchedulerTest" time="0.051"/>
  <testcase name="testCancel" classname="com.mateocuello.alarmai.receiver.AlarmSchedulerTest" time="0.002"/>
  <testcase name="testSchedule_ActiveAlarm" classname="com.mateocuello.alarmai.receiver.AlarmSchedulerTest" time="0.01"/>
  <system-out><![CDATA[]]></system-out>
  <system-err><![CDATA[]]></system-err>
</testsuite>
