<?xml version="1.0" encoding="UTF-8"?>
<testsuite name="com.mateocuello.alarmai.data.repository.VoiceManagerTest" tests="14" skipped="0" failures="0" errors="0" timestamp="2026-06-24T00:47:12.216Z" hostname="INSPRION16" time="1.461">
  <properties/>
  <testcase name="testAudioFocusLoss_StopsSpeakingAndListening" classname="com.mateocuello.alarmai.data.repository.VoiceManagerTest" time="1.19"/>
  <testcase name="testStopListening" classname="com.mateocuello.alarmai.data.repository.VoiceManagerTest" time="0.027"/>
  <testcase name="testSpeakAndCallbackExecutionFlow" classname="com.mateocuello.alarmai.data.repository.VoiceManagerTest" time="0.016"/>
  <testcase name="testStartListeningCreationAndInteraction" classname="com.mateocuello.alarmai.data.repository.VoiceManagerTest" time="0.019"/>
  <testcase name="testTtsInitializationSuccess" classname="com.mateocuello.alarmai.data.repository.VoiceManagerTest" time="0.01"/>
  <testcase name="testSpeechRecognizerOnError" classname="com.mateocuello.alarmai.data.repository.VoiceManagerTest" time="0.026"/>
  <testcase name="testFallbackToStandardRecognizerOnOlderApis" classname="com.mateocuello.alarmai.data.repository.VoiceManagerTest" time="0.02"/>
  <testcase name="testShutdown" classname="com.mateocuello.alarmai.data.repository.VoiceManagerTest" time="0.054"/>
  <testcase name="testTtsInitializationFailure" classname="com.mateocuello.alarmai.data.repository.VoiceManagerTest" time="0.019"/>
  <testcase name="testOnDeviceRecognizerSelectedOnApi31PlusWhenAvailable" classname="com.mateocuello.alarmai.data.repository.VoiceManagerTest" time="0.029"/>
  <testcase name="testStartListeningCheckAvailability" classname="com.mateocuello.alarmai.data.repository.VoiceManagerTest" time="0.017"/>
  <testcase name="testFallbackToStandardRecognizerOnApi31PlusWhenOnDeviceUnavailable" classname="com.mateocuello.alarmai.data.repository.VoiceManagerTest" time="0.01"/>
  <testcase name="testSpeechRecognizerOnResults" classname="com.mateocuello.alarmai.data.repository.VoiceManagerTest" time="0.011"/>
  <testcase name="testStopSpeaking" classname="com.mateocuello.alarmai.data.repository.VoiceManagerTest" time="0.007"/>
  <system-out><![CDATA[]]></system-out>
  <system-err><![CDATA[]]></system-err>
</testsuite>
