<?xml version="1.0" encoding="UTF-8"?>
<testsuite name="com.mateocuello.alarmai.receiver.AlarmSchedulerTest" tests="6" skipped="0" failures="0" errors="0" timestamp="2026-06-23T19:57:36.116Z" hostname="INSPRION16" time="1.245">
  <properties/>
  <testcase name="testSchedule_AlarmManagerThrowsException_LogsError" classname="com.mateocuello.alarmai.receiver.AlarmSchedulerTest" time="1.167"/>
  <testcase name="testSchedule_ActiveAlarm_PreAlarmInFuture_SchedulesPreAlarm" classname="com.mateocuello.alarmai.receiver.AlarmSchedulerTest" time="0.003"/>
  <testcase name="testSchedule_InactiveAlarm_Cancels" classname="com.mateocuello.alarmai.receiver.AlarmSchedulerTest" time="0.005"/>
  <testcase name="testCancel" classname="com.mateocuello.alarmai.receiver.AlarmSchedulerTest" time="0.003"/>
  <testcase name="testSchedule_ActiveAlarm" classname="com.mateocuello.alarmai.receiver.AlarmSchedulerTest" time="0.002"/>
  <testcase name="testSchedule_ActiveAlarm_PreAlarmInPast_CallsStartPrefetch" classname="com.mateocuello.alarmai.receiver.AlarmSchedulerTest" time="0.064"/>
  <system-out><![CDATA[]]></system-out>
  <system-err><![CDATA[WARNING: A Java agent has been loaded dynamically (C:\Users\usuario\.gradle\caches\modules-2\files-2.1\net.bytebuddy\byte-buddy-agent\1.14.12\be4984cb6fd1ef1d11f218a648889dfda44b8a15\byte-buddy-agent-1.14.12.jar)
WARNING: If a serviceability tool is in use, please run with -XX:+EnableDynamicAgentLoading to hide this warning
WARNING: If a serviceability tool is not in use, please run with -Djdk.instrument.traceUsage for more information
WARNING: Dynamic loading of agents will be disallowed by default in a future release
]]></system-err>
</testsuite>
