<?xml version="1.0" encoding="UTF-8"?>
<testsuite name="com.mateocuello.alarmai.data.repository.VoiceManagerTest" tests="11" skipped="0" failures="0" errors="0" timestamp="2026-06-23T19:20:32.100Z" hostname="INSPRION16" time="0.403">
  <properties/>
  <testcase name="testStopListening" classname="com.mateocuello.alarmai.data.repository.VoiceManagerTest" time="0.319"/>
  <testcase name="testSpeakAndCallbackExecutionFlow" classname="com.mateocuello.alarmai.data.repository.VoiceManagerTest" time="0.012"/>
  <testcase name="testStartListeningCreationAndInteraction" classname="com.mateocuello.alarmai.data.repository.VoiceManagerTest" time="0.01"/>
  <testcase name="testTtsInitializationSuccess" classname="com.mateocuello.alarmai.data.repository.VoiceManagerTest" time="0.005"/>
  <testcase name="testSpeechRecognizerOnError" classname="com.mateocuello.alarmai.data.repository.VoiceManagerTest" time="0.011"/>
  <testcase name="testMuteBeepAndUnmuteBeep" classname="com.mateocuello.alarmai.data.repository.VoiceManagerTest" time="0.013"/>
  <testcase name="testShutdown" classname="com.mateocuello.alarmai.data.repository.VoiceManagerTest" time="0.011"/>
  <testcase name="testTtsInitializationFailure" classname="com.mateocuello.alarmai.data.repository.VoiceManagerTest" time="0.004"/>
  <testcase name="testStartListeningCheckAvailability" classname="com.mateocuello.alarmai.data.repository.VoiceManagerTest" time="0.005"/>
  <testcase name="testSpeechRecognizerOnResults" classname="com.mateocuello.alarmai.data.repository.VoiceManagerTest" time="0.008"/>
  <testcase name="testStopSpeaking" classname="com.mateocuello.alarmai.data.repository.VoiceManagerTest" time="0.005"/>
  <system-out><![CDATA[]]></system-out>
  <system-err><![CDATA[]]></system-err>
</testsuite>
